<?xml version="1.0" encoding="UTF-8"?>
<!-- Generated by org.testng.reporters.JUnitReportReporter -->
<testsuite skipped="0" hostname="DESKTOP-IUV45J7" name="mt.mercurytoursdatadriventest.Mercurytourstest" tests="3" failures="0" timestamp="04 Sep 2018 03:14:28 GMT" time="34.525" errors="0">
  <testcase name="Loginwithvaliddata" time="9.307" classname="mt.mercurytoursdatadriventest.Mercurytourstest"/>
  <testcase name="Loginwithvaliddata" time="10.031" classname="mt.mercurytoursdatadriventest.Mercurytourstest"/>
  <testcase name="Loginwithvaliddata" time="15.187" classname="mt.mercurytoursdatadriventest.Mercurytourstest"/>
</testsuite> <!-- mt.mercurytoursdatadriventest.Mercurytourstest -->
